<?xml version="1.0" encoding="UTF-8" ?>
<testsuite tests="1" failures="1" name="math.TestItem" time="0.009" errors="0" skipped="0">
  <properties>
[...]
</properties>
  <testcase classname="math.TestItem" name="math.TestItem.testEquals" time="0.009">
    <failure message="expected: &lt;math.Item@20ad9418&gt; but was: &lt;math.Item@31cefde0&gt;" type="org.opentest4j.AssertionFailedError">org.opentest4j.AssertionFailedError: expected: &lt;math.Item@20ad9418&gt; but was: &lt;math.Item@31cefde0&gt;
	at org.junit.jupiter.api.AssertionUtils.fail(AssertionUtils.java:55)
	at org.junit.jupiter.api.AssertionUtils.failNotEqual(AssertionUtils.java:62)
	at org.junit.jupiter.api.AssertEquals.assertEquals(AssertEquals.java:182)
	at org.junit.jupiter.api.AssertEquals.assertEquals(AssertEquals.java:177)
	at org.junit.jupiter.api.Assertions.assertEquals(Assertions.java:1124)
	at math.TestItem.testEquals(TestItem.java:14)
</failure>
  </testcase>
</testsuite>